[Info  - 12:18:18 AM] (1326) Pylance language server 2023.3.40 (pyright 04471971) starting
[Info  - 12:18:19 AM] (1326) Server root directory: /home/ubuntu/.vscode-server/extensions/ms-python.vscode-pylance-2023.3.40/dist
[Info  - 12:18:19 AM] (1326) Starting service instance "var"
[Info  - 12:18:19 AM] (1326) Auto-indent enabled
[Info  - 12:18:19 AM] (1326) No configuration file found.
[Info  - 12:18:19 AM] (1326) No pyproject.toml file found.
[Info  - 12:18:19 AM] (1326) Setting pythonPath for service "var": "/usr/bin/python3"
[Warn  - 12:18:19 AM] (1326) stubPath /var/typings is not a valid directory.
[Info  - 12:18:19 AM] (1326) Assuming Python version 3.8
[Info  - 12:18:19 AM] (1326) Assuming Python platform Linux
[Info  - 12:18:20 AM] (1326) Searching for source files
[Error - 12:18:30 AM] (1326) Enumeration of workspace source files is taking longer than 10 seconds.
This may be because:
* You have opened your home directory or entire hard drive as a workspace
* Your workspace contains a very large number of directories and files
* Your workspace contains a symlink to a directory with many files
* Your workspace is remote, and file enumeration is slow
To reduce this time, open a workspace directory with fewer files or add a pyrightconfig.json configuration file with an "exclude" section to exclude subdirectories from your workspace. For more details, refer to https://github.com/microsoft/pyright/blob/main/docs/configuration.md.
[Info  - 12:19:19 AM] (1326) Auto-excluding /var/www/html/Assignment1/env
[Info  - 12:19:19 AM] (1326) Found 7 source files
[Info  - 12:19:19 AM] (1326) Background analysis(1) root directory: /home/ubuntu/.vscode-server/extensions/ms-python.vscode-pylance-2023.3.40/dist
[Info  - 12:19:19 AM] (1326) Background analysis(1) started
[Info  - 12:19:22 AM] (1326) Indexer background runner(2) root directory: /home/ubuntu/.vscode-server/extensions/ms-python.vscode-pylance-2023.3.40/dist (index)
[Info  - 12:19:22 AM] (1326) Indexing(2) started
[Info  - 12:19:25 AM] (1326) [IDX(2)] Long operation: scan packages /var (3020ms)
[Info  - 12:19:25 AM] (1326) scanned(2) 94 files over 1 exec env
[Info  - 12:19:30 AM] (1326) [IDX(2)] Long operation: index execution environment /var (5204ms)
[Info  - 12:19:30 AM] (1326) [IDX(2)] Long operation: index packages /var (5259ms)
[Info  - 12:19:30 AM] (1326) indexed(2) 47 files over 1 exec env
[Info  - 12:19:30 AM] (1326) Indexing finished(2).
[Info  - 12:19:33 AM] (1326) [BG(1)] Long operation: checking: /var/www/html/Assignment1/Assignment1.py (10428ms)
[Info  - 12:19:33 AM] (1326) [BG(1)] Long operation: analyzing: /var/www/html/Assignment1/Assignment1.py (11800ms)
[Info  - 12:21:27 AM] (1326) [FG] Long operation: completion at /var/www/html/Assignment1/Assignment1.py:30:47 (12213ms)
[Info  - 12:21:29 AM] (1326) [BG(1)] Long operation: parsing: /var/www/html/Assignment1/Assignment1.py (9771ms)
[Info  - 12:21:29 AM] (1326) [BG(1)] Long operation: binding: /var/www/html/Assignment1/Assignment1.py (2540ms)
