2023-04-06 01:32:25.611 [info] Log level: Info
2023-04-06 01:32:25.611 [info] Validating found git in: "git"
2023-04-06 01:32:25.611 [info] Using git "2.25.1" from "git"
2023-04-06 01:32:25.611 [info] > git rev-parse --show-toplevel [104ms]
2023-04-06 01:32:25.611 [info] fatal: not a git repository (or any of the parent directories): .git
2023-04-06 01:32:25.611 [info] > git rev-parse --show-toplevel [4ms]
2023-04-06 01:32:25.611 [info] fatal: not a git repository (or any of the parent directories): .git
2023-04-06 01:32:25.611 [info] > git rev-parse --show-toplevel [12ms]
2023-04-06 01:32:25.611 [info] fatal: not a git repository (or any of the parent directories): .git
2023-04-06 01:32:25.611 [info] > git rev-parse --show-toplevel [130ms]
2023-04-06 01:32:25.611 [info] fatal: not a git repository (or any of the parent directories): .git
2023-04-06 01:32:25.611 [info] > git rev-parse --show-toplevel [3ms]
2023-04-06 01:32:25.611 [info] fatal: not a git repository (or any of the parent directories): .git
2023-04-06 01:32:25.611 [info] > git rev-parse --show-toplevel [19ms]
2023-04-06 01:32:25.611 [info] fatal: not a git repository (or any of the parent directories): .git
2023-04-06 01:32:25.611 [info] > git rev-parse --show-toplevel [17ms]
2023-04-06 01:32:25.611 [info] fatal: not a git repository (or any of the parent directories): .git
2023-04-06 01:32:25.619 [info] > git rev-parse --show-toplevel [9ms]
2023-04-06 01:32:25.619 [info] fatal: not a git repository (or any of the parent directories): .git
2023-04-06 01:32:25.634 [info] > git rev-parse --show-toplevel [5ms]
2023-04-06 01:32:25.634 [info] fatal: not a git repository (or any of the parent directories): .git
2023-04-06 01:32:25.654 [info] > git rev-parse --show-toplevel [10ms]
2023-04-06 01:32:25.654 [info] fatal: not a git repository (or any of the parent directories): .git
2023-04-06 01:32:25.664 [info] > git rev-parse --show-toplevel [6ms]
2023-04-06 01:32:25.664 [info] fatal: not a git repository (or any of the parent directories): .git
2023-04-06 01:32:25.676 [info] > git rev-parse --show-toplevel [6ms]
2023-04-06 01:32:25.676 [info] fatal: not a git repository (or any of the parent directories): .git
2023-04-06 01:32:25.685 [info] > git rev-parse --show-toplevel [4ms]
2023-04-06 01:32:25.685 [info] fatal: not a git repository (or any of the parent directories): .git
2023-04-06 01:34:35.497 [info] > git rev-parse --show-toplevel [122ms]
2023-04-06 01:34:35.498 [info] fatal: not a git repository (or any of the parent directories): .git
2023-04-06 01:34:39.757 [info] > git rev-parse --show-toplevel [14ms]
2023-04-06 01:34:45.367 [info] > git rev-parse --show-toplevel [790ms]
2023-04-06 01:34:49.543 [info] > git rev-parse --show-toplevel [150ms]
