2023-04-06 01:01:08.523 [info] Log level: Info
2023-04-06 01:01:08.523 [info] Validating found git in: "git"
2023-04-06 01:01:08.523 [info] Using git "2.25.1" from "git"
2023-04-06 01:01:08.523 [info] > git rev-parse --show-toplevel [76ms]
2023-04-06 01:01:08.523 [info] fatal: not a git repository (or any of the parent directories): .git
2023-04-06 01:01:08.523 [info] > git rev-parse --show-toplevel [3ms]
2023-04-06 01:01:08.523 [info] fatal: not a git repository (or any of the parent directories): .git
2023-04-06 01:01:08.523 [info] > git rev-parse --show-toplevel [3ms]
2023-04-06 01:01:08.523 [info] fatal: not a git repository (or any of the parent directories): .git
2023-04-06 01:01:08.523 [info] > git rev-parse --show-toplevel [4ms]
2023-04-06 01:01:08.523 [info] fatal: not a git repository (or any of the parent directories): .git
2023-04-06 01:01:08.523 [info] > git rev-parse --show-toplevel [3ms]
2023-04-06 01:01:08.523 [info] fatal: not a git repository (or any of the parent directories): .git
2023-04-06 01:01:08.523 [info] > git rev-parse --show-toplevel [3ms]
2023-04-06 01:01:08.523 [info] fatal: not a git repository (or any of the parent directories): .git
2023-04-06 01:01:08.523 [info] > git rev-parse --show-toplevel [3ms]
2023-04-06 01:01:08.523 [info] fatal: not a git repository (or any of the parent directories): .git
2023-04-06 01:01:08.523 [info] > git rev-parse --show-toplevel [2ms]
2023-04-06 01:01:08.523 [info] fatal: not a git repository (or any of the parent directories): .git
2023-04-06 01:01:08.523 [info] > git rev-parse --show-toplevel [3ms]
2023-04-06 01:01:08.523 [info] fatal: not a git repository (or any of the parent directories): .git
2023-04-06 01:01:08.523 [info] > git rev-parse --show-toplevel [3ms]
2023-04-06 01:01:08.523 [info] fatal: not a git repository (or any of the parent directories): .git
2023-04-06 01:01:08.523 [info] > git rev-parse --show-toplevel [8ms]
2023-04-06 01:01:08.523 [info] fatal: not a git repository (or any of the parent directories): .git
2023-04-06 01:01:08.523 [info] > git rev-parse --show-toplevel [2ms]
2023-04-06 01:01:08.523 [info] fatal: not a git repository (or any of the parent directories): .git
2023-04-06 01:01:08.523 [info] > git rev-parse --show-toplevel [1ms]
2023-04-06 01:01:08.523 [info] fatal: not a git repository (or any of the parent directories): .git
2023-04-06 01:01:08.523 [info] > git rev-parse --show-toplevel [4ms]
2023-04-06 01:01:08.523 [info] fatal: not a git repository (or any of the parent directories): .git
2023-04-06 01:01:08.523 [info] > git rev-parse --show-toplevel [9ms]
2023-04-06 01:01:08.523 [info] fatal: not a git repository (or any of the parent directories): .git
2023-04-06 01:01:17.592 [info] > git rev-parse --show-toplevel [1163ms]
2023-04-06 01:01:33.838 [info] > git rev-parse --show-toplevel [30ms]
