[Info  - 1:51:38 AM] (1204) Pylance language server 2023.4.10 (pyright d7616109) starting
[Info  - 1:51:38 AM] (1204) Server root directory: /home/ubuntu/.vscode-server/extensions/ms-python.vscode-pylance-2023.4.10/dist
[Info  - 1:51:38 AM] (1204) Starting service instance "var"
[Info  - 1:51:38 AM] (1204) Auto-indent enabled
[Info  - 1:51:38 AM] (1204) Setting pythonPath for service "var": "/usr/bin/python3"
[Warn  - 1:51:38 AM] (1204) stubPath /var/typings is not a valid directory.
[Info  - 1:51:38 AM] (1204) Assuming Python version 3.8
[Error - 1:51:49 AM] (1204) Enumeration of workspace source files is taking longer than 10 seconds.
This may be because:
* You have opened your home directory or entire hard drive as a workspace
* Your workspace contains a very large number of directories and files
* Your workspace contains a symlink to a directory with many files
* Your workspace is remote, and file enumeration is slow
To reduce this time, open a workspace directory with fewer files or add a pyrightconfig.json configuration file with an "exclude" section to exclude subdirectories from your workspace. For more details, refer to https://github.com/microsoft/pyright/blob/main/docs/configuration.md.
[Info  - 1:52:26 AM] (1204) Auto-excluding /var/www/html/Assignment1/env
[Info  - 1:52:26 AM] (1204) Found 7 source files
[Info  - 1:52:26 AM] (1204) Background analysis(1) root directory: /home/ubuntu/.vscode-server/extensions/ms-python.vscode-pylance-2023.4.10/dist
[Info  - 1:52:26 AM] (1204) Background analysis(1) started
[Info  - 1:52:28 AM] (1204) Indexer background runner(2) root directory: /home/ubuntu/.vscode-server/extensions/ms-python.vscode-pylance-2023.4.10/dist (index)
[Info  - 1:52:28 AM] (1204) Indexing(2) started
[Info  - 1:52:31 AM] (1204) [IDX(2)] Long operation: scan packages /var (3069ms)
[Info  - 1:52:31 AM] (1204) scanned(2) 94 files over 1 exec env
[Info  - 1:52:43 AM] (1204) [BG(1)] Long operation: checking: /var/www/html/Assignment1/Assignment1.py (13625ms)
[Info  - 1:52:43 AM] (1204) [BG(1)] Long operation: analyzing: /var/www/html/Assignment1/Assignment1.py (15270ms)
[Info  - 1:52:43 AM] (1204) [IDX(2)] Long operation: index execution environment /var (5884ms)
[Info  - 1:52:43 AM] (1204) [IDX(2)] Long operation: index packages /var (5945ms)
[Info  - 1:52:43 AM] (1204) indexed(2) 47 files over 1 exec env
[Info  - 1:52:43 AM] (1204) Indexing finished(2).
