2023-04-06 00:41:34.904 [info] Log level: Info
2023-04-06 00:41:34.904 [info] Validating found git in: "git"
2023-04-06 00:41:34.904 [info] Using git "2.25.1" from "git"
2023-04-06 00:41:34.904 [info] > git rev-parse --show-toplevel [67ms]
2023-04-06 00:41:34.904 [info] fatal: not a git repository (or any of the parent directories): .git
2023-04-06 00:41:34.904 [info] > git rev-parse --show-toplevel [3ms]
2023-04-06 00:41:34.904 [info] fatal: not a git repository (or any of the parent directories): .git
2023-04-06 00:41:34.904 [info] > git rev-parse --show-toplevel [3ms]
2023-04-06 00:41:34.904 [info] fatal: not a git repository (or any of the parent directories): .git
2023-04-06 00:41:34.904 [info] > git rev-parse --show-toplevel [3ms]
2023-04-06 00:41:34.904 [info] fatal: not a git repository (or any of the parent directories): .git
2023-04-06 00:41:34.904 [info] > git rev-parse --show-toplevel [2ms]
2023-04-06 00:41:34.904 [info] fatal: not a git repository (or any of the parent directories): .git
2023-04-06 00:41:34.904 [info] > git rev-parse --show-toplevel [2ms]
2023-04-06 00:41:34.904 [info] fatal: not a git repository (or any of the parent directories): .git
2023-04-06 00:41:34.904 [info] > git rev-parse --show-toplevel [13ms]
2023-04-06 00:41:34.904 [info] fatal: not a git repository (or any of the parent directories): .git
2023-04-06 00:41:34.904 [info] > git rev-parse --show-toplevel [142ms]
2023-04-06 00:41:34.904 [info] fatal: not a git repository (or any of the parent directories): .git
2023-04-06 00:41:34.904 [info] > git rev-parse --show-toplevel [25ms]
2023-04-06 00:41:34.904 [info] fatal: not a git repository (or any of the parent directories): .git
2023-04-06 00:41:34.904 [info] > git rev-parse --show-toplevel [6ms]
2023-04-06 00:41:34.904 [info] fatal: not a git repository (or any of the parent directories): .git
2023-04-06 00:41:34.904 [info] > git rev-parse --show-toplevel [1ms]
2023-04-06 00:41:34.904 [info] fatal: not a git repository (or any of the parent directories): .git
2023-04-06 00:41:34.904 [info] > git rev-parse --show-toplevel [6ms]
2023-04-06 00:41:34.904 [info] fatal: not a git repository (or any of the parent directories): .git
2023-04-06 00:41:34.904 [info] > git rev-parse --show-toplevel [5ms]
2023-04-06 00:41:34.904 [info] fatal: not a git repository (or any of the parent directories): .git
2023-04-06 00:41:38.127 [info] > git rev-parse --show-toplevel [1156ms]
2023-04-06 00:42:56.604 [info] > git rev-parse --show-toplevel [54ms]
