2023-04-06 00:18:14.889 [info] Log level: Info
2023-04-06 00:18:14.889 [info] Validating found git in: "git"
2023-04-06 00:18:14.889 [info] Using git "2.25.1" from "git"
2023-04-06 00:18:14.889 [info] > git rev-parse --show-toplevel [142ms]
2023-04-06 00:18:14.889 [info] fatal: not a git repository (or any of the parent directories): .git
2023-04-06 00:18:14.889 [info] > git rev-parse --show-toplevel [10ms]
2023-04-06 00:18:14.889 [info] > git rev-parse --show-toplevel [347ms]
2023-04-06 00:18:14.889 [info] fatal: not a git repository (or any of the parent directories): .git
2023-04-06 00:18:14.889 [info] > git rev-parse --show-toplevel [38ms]
2023-04-06 00:18:14.889 [info] fatal: not a git repository (or any of the parent directories): .git
2023-04-06 00:18:14.889 [info] > git rev-parse --show-toplevel [13ms]
2023-04-06 00:18:14.889 [info] fatal: not a git repository (or any of the parent directories): .git
2023-04-06 00:18:14.889 [info] > git rev-parse --show-toplevel [19ms]
2023-04-06 00:18:14.889 [info] fatal: not a git repository (or any of the parent directories): .git
2023-04-06 00:18:14.889 [info] > git rev-parse --show-toplevel [10ms]
2023-04-06 00:18:14.889 [info] fatal: not a git repository (or any of the parent directories): .git
2023-04-06 00:18:14.889 [info] > git rev-parse --show-toplevel [15ms]
2023-04-06 00:18:14.889 [info] fatal: not a git repository (or any of the parent directories): .git
2023-04-06 00:18:14.889 [info] > git rev-parse --show-toplevel [22ms]
2023-04-06 00:18:14.889 [info] fatal: not a git repository (or any of the parent directories): .git
2023-04-06 00:18:14.889 [info] > git rev-parse --show-toplevel [115ms]
2023-04-06 00:18:14.889 [info] fatal: not a git repository (or any of the parent directories): .git
2023-04-06 00:18:14.889 [info] > git rev-parse --show-toplevel [33ms]
2023-04-06 00:18:14.889 [info] fatal: not a git repository (or any of the parent directories): .git
2023-04-06 00:18:14.893 [info] > git rev-parse --show-toplevel [18ms]
2023-04-06 00:18:14.893 [info] fatal: not a git repository (or any of the parent directories): .git
2023-04-06 00:18:14.930 [info] > git rev-parse --show-toplevel [22ms]
2023-04-06 00:18:14.930 [info] fatal: not a git repository (or any of the parent directories): .git
2023-04-06 00:18:14.961 [info] > git rev-parse --show-toplevel [12ms]
2023-04-06 00:18:14.961 [info] fatal: not a git repository (or any of the parent directories): .git
2023-04-06 00:20:12.040 [info] > git rev-parse --show-toplevel [82ms]
2023-04-06 00:20:12.042 [info] fatal: not a git repository (or any of the parent directories): .git
2023-04-06 00:20:13.531 [info] > git rev-parse --show-toplevel [16ms]
2023-04-06 00:20:18.205 [info] > git rev-parse --show-toplevel [8ms]
