Experiment 'pythonPromptNewToolsExt' is active
> conda info --json
Python interpreter path: /usr/bin/python3
[ERROR 2023-3-6 0:41:40.640]: readdir() failed for "/var/cache/ldconfig" (Error: EACCES: permission denied, scandir '/var/cache/ldconfig')
[ERROR 2023-3-6 0:41:40.642]: readdir() failed for "/var/cache/pollinate" (Error: EACCES: permission denied, scandir '/var/cache/pollinate')
[ERROR 2023-3-6 0:41:40.653]: readdir() failed for "/var/cache/private" (Error: EACCES: permission denied, scandir '/var/cache/private')
[ERROR 2023-3-6 0:41:40.678]: readdir() failed for "/var/lib/amazon" (Error: EACCES: permission denied, scandir '/var/lib/amazon')
[ERROR 2023-3-6 0:41:40.820]: readdir() failed for "/var/lib/polkit-1" (Error: EACCES: permission denied, scandir '/var/lib/polkit-1')
[ERROR 2023-3-6 0:41:40.821]: readdir() failed for "/var/lib/private" (Error: EACCES: permission denied, scandir '/var/lib/private')
[ERROR 2023-3-6 0:41:40.837]: readdir() failed for "/var/lib/udisks2" (Error: EACCES: permission denied, scandir '/var/lib/udisks2')
> /bin/python -I ~/.vscode-server/extensions/ms-python.python-2023.6.0/pythonFiles/get_output_via_markers.py ~/.vscode-server/extensions/ms-python.python-2023.6.0/pythonFiles/interpreterInfo.py
[ERROR 2023-3-6 0:41:40.861]: readdir() failed for "/var/log/amazon" (Error: EACCES: permission denied, scandir '/var/log/amazon')
> /bin/python3 -I ~/.vscode-server/extensions/ms-python.python-2023.6.0/pythonFiles/get_output_via_markers.py ~/.vscode-server/extensions/ms-python.python-2023.6.0/pythonFiles/interpreterInfo.py
[ERROR 2023-3-6 0:41:40.883]: readdir() failed for "/var/log/private" (Error: EACCES: permission denied, scandir '/var/log/private')
[ERROR 2023-3-6 0:41:40.897]: Support for Python 2.7 has been dropped by the Python extension so certain features may not work, upgrade to using Python 3.
> /bin/python ~/.vscode-server/extensions/ms-python.python-2023.6.0/pythonFiles/get_output_via_markers.py ~/.vscode-server/extensions/ms-python.python-2023.6.0/pythonFiles/interpreterInfo.py
[ERROR 2023-3-6 0:41:40.914]: readdir() failed for "/var/spool/rsyslog" (Error: EACCES: permission denied, scandir '/var/spool/rsyslog')
[ERROR 2023-3-6 0:41:40.929]: readdir() failed for "/var/tmp/systemd-private-e2455913fc92404ea0551e65eea43e82-ModemManager.service-W2Qa5f" (Error: EACCES: permission denied, scandir '/var/tmp/systemd-private-e2455913fc92404ea0551e65eea43e82-ModemManager.service-W2Qa5f')
[ERROR 2023-3-6 0:41:40.930]: readdir() failed for "/var/tmp/systemd-private-e2455913fc92404ea0551e65eea43e82-apache2.service-j6Ot5h" (Error: EACCES: permission denied, scandir '/var/tmp/systemd-private-e2455913fc92404ea0551e65eea43e82-apache2.service-j6Ot5h')
[ERROR 2023-3-6 0:41:40.932]: readdir() failed for "/var/tmp/systemd-private-e2455913fc92404ea0551e65eea43e82-systemd-logind.service-VGNUSe" (Error: EACCES: permission denied, scandir '/var/tmp/systemd-private-e2455913fc92404ea0551e65eea43e82-systemd-logind.service-VGNUSe')
> /usr/bin/python -I ~/.vscode-server/extensions/ms-python.python-2023.6.0/pythonFiles/get_output_via_markers.py ~/.vscode-server/extensions/ms-python.python-2023.6.0/pythonFiles/interpreterInfo.py
[ERROR 2023-3-6 0:41:40.952]: readdir() failed for "/var/tmp/systemd-private-e2455913fc92404ea0551e65eea43e82-systemd-resolved.service-w66Neg" (Error: EACCES: permission denied, scandir '/var/tmp/systemd-private-e2455913fc92404ea0551e65eea43e82-systemd-resolved.service-w66Neg')
[ERROR 2023-3-6 0:41:40.952]: readdir() failed for "/var/tmp/systemd-private-e2455913fc92404ea0551e65eea43e82-systemd-timesyncd.service-euyJYi" (Error: EACCES: permission denied, scandir '/var/tmp/systemd-private-e2455913fc92404ea0551e65eea43e82-systemd-timesyncd.service-euyJYi')
[ERROR 2023-3-6 0:41:40.977]: Support for Python 2.7 has been dropped by the Python extension so certain features may not work, upgrade to using Python 3.
> /usr/bin/python ~/.vscode-server/extensions/ms-python.python-2023.6.0/pythonFiles/get_output_via_markers.py ~/.vscode-server/extensions/ms-python.python-2023.6.0/pythonFiles/interpreterInfo.py
> /usr/bin/python3 -I ~/.vscode-server/extensions/ms-python.python-2023.6.0/pythonFiles/get_output_via_markers.py ~/.vscode-server/extensions/ms-python.python-2023.6.0/pythonFiles/interpreterInfo.py
Starting Pylance language server.
