2023-04-06 01:51:34.889 [info] Log level: Info
2023-04-06 01:51:34.889 [info] Validating found git in: "git"
2023-04-06 01:51:34.889 [info] Using git "2.25.1" from "git"
2023-04-06 01:51:34.889 [info] > git rev-parse --show-toplevel [91ms]
2023-04-06 01:51:34.889 [info] fatal: not a git repository (or any of the parent directories): .git
2023-04-06 01:51:34.889 [info] > git rev-parse --show-toplevel [21ms]
2023-04-06 01:51:34.889 [info] > git rev-parse --show-toplevel [842ms]
2023-04-06 01:51:34.889 [info] fatal: not a git repository (or any of the parent directories): .git
2023-04-06 01:51:34.889 [info] > git rev-parse --show-toplevel [30ms]
2023-04-06 01:51:34.889 [info] fatal: not a git repository (or any of the parent directories): .git
2023-04-06 01:51:34.889 [info] > git rev-parse --show-toplevel [15ms]
2023-04-06 01:51:34.889 [info] fatal: not a git repository (or any of the parent directories): .git
2023-04-06 01:51:34.889 [info] > git rev-parse --show-toplevel [84ms]
2023-04-06 01:51:34.889 [info] fatal: not a git repository (or any of the parent directories): .git
2023-04-06 01:51:34.889 [info] > git rev-parse --show-toplevel [54ms]
2023-04-06 01:51:34.890 [info] fatal: not a git repository (or any of the parent directories): .git
2023-04-06 01:51:34.890 [info] > git rev-parse --show-toplevel [42ms]
2023-04-06 01:51:34.890 [info] fatal: not a git repository (or any of the parent directories): .git
2023-04-06 01:51:34.904 [info] > git rev-parse --show-toplevel [18ms]
2023-04-06 01:51:34.904 [info] fatal: not a git repository (or any of the parent directories): .git
2023-04-06 01:51:34.929 [info] > git rev-parse --show-toplevel [11ms]
2023-04-06 01:51:34.929 [info] fatal: not a git repository (or any of the parent directories): .git
2023-04-06 01:51:34.949 [info] > git rev-parse --show-toplevel [10ms]
2023-04-06 01:51:34.949 [info] fatal: not a git repository (or any of the parent directories): .git
2023-04-06 01:51:34.982 [info] > git rev-parse --show-toplevel [22ms]
2023-04-06 01:51:34.983 [info] fatal: not a git repository (or any of the parent directories): .git
2023-04-06 01:51:35.012 [info] > git rev-parse --show-toplevel [8ms]
2023-04-06 01:51:35.012 [info] fatal: not a git repository (or any of the parent directories): .git
2023-04-06 01:51:35.039 [info] > git rev-parse --show-toplevel [17ms]
2023-04-06 01:51:35.039 [info] fatal: not a git repository (or any of the parent directories): .git
2023-04-06 01:51:47.972 [info] > git rev-parse --show-toplevel [11ms]
