*
* Visual Studio Code Server
*
* By using the software, you agree to
* the Visual Studio Code Server License Terms (https://aka.ms/vscode-server-license) and
* the Microsoft Privacy Statement (https://privacy.microsoft.com/en-US/privacystatement).
*
Server bound to 127.0.0.1:34531 (IPv4)
Extension host agent listening on 34531

[01:59:11] 




[01:59:11] Extension host agent started.
[01:59:11] [127.0.0.1][8d48f611][ManagementConnection] New connection established.
[01:59:11] [127.0.0.1][e3dae11c][ExtensionHostConnection] New connection established.
[01:59:11] [127.0.0.1][e3dae11c][ExtensionHostConnection] <1145> Launched Extension Host Process.
[IPC Library: Pty Host]  WARN Shell integration cannot be enabled for executable "/bin/sh" and args [
  '-c',
  'wget --version > /dev/null\n' +
    'if [ $? -eq 0 ]\n' +
    'then\n' +
    "\twget --connect-timeout=7 --tries=1 --dns-timeout=7 -q --header='Metadata:true' -O - http://169.254.169.254/metadata/instance?api-version=2019-03-11\n" +
    'else\n' +
    '\tcurl --version > /dev/null\n' +
    '\tif [ $? -eq 0 ]\n' +
    '\tthen\n' +
    "\t\tcurl --connect-timeout 7 -s --header='Metadata:true' http://169.254.169.254/metadata/instance?api-version=2019-03-11\n" +
    '\tfi\n' +
    'fi\n' +
    'exit 0'
]
[IPC Library: Pty Host]  WARN Shell integration cannot be enabled for executable "/bin/sh" and args [
  '-c',
  'wget --version > /dev/null\n' +
    'if [ $? -eq 0 ]\n' +
    'then\n' +
    '\twget --connect-timeout=7 --tries=1 --dns-timeout=7 -q  -O - http://169.254.169.254/latest/meta-data/instance-id\n' +
    'else\n' +
    '\tcurl --version > /dev/null\n' +
    '\tif [ $? -eq 0 ]\n' +
    '\tthen\n' +
    '\t\tcurl --connect-timeout 7 -s  http://169.254.169.254/latest/meta-data/instance-id\n' +
    '\tfi\n' +
    'fi\n' +
    'exit 0'
]
[IPC Library: Pty Host]  WARN Shell integration cannot be enabled for executable "/bin/sh" and args [
  '-c',
  'wget --version > /dev/null\n' +
    'if [ $? -eq 0 ]\n' +
    'then\n' +
    '\twget --connect-timeout=7 --tries=1 --dns-timeout=7 -q  -O - http://169.254.169.254/metadata/v1/id\n' +
    'else\n' +
    '\tcurl --version > /dev/null\n' +
    '\tif [ $? -eq 0 ]\n' +
    '\tthen\n' +
    '\t\tcurl --connect-timeout 7 -s  http://169.254.169.254/metadata/v1/id\n' +
    '\tfi\n' +
    'fi\n' +
    'exit 0'
]
[IPC Library: Pty Host]  WARN Shell integration cannot be enabled for executable "/bin/sh" and args [
  '-c',
  'wget --version > /dev/null\n' +
    'if [ $? -eq 0 ]\n' +
    'then\n' +
    "\twget --connect-timeout=7 --tries=1 --dns-timeout=7 -q --header='Metadata-Flavor:Google' -O - http://metadata.google.internal/computeMetadata/v1/instance/id\n" +
    'else\n' +
    '\tcurl --version > /dev/null\n' +
    '\tif [ $? -eq 0 ]\n' +
    '\tthen\n' +
    "\t\tcurl --connect-timeout 7 -s --header='Metadata-Flavor:Google' http://metadata.google.internal/computeMetadata/v1/instance/id\n" +
    '\tfi\n' +
    'fi\n' +
    'exit 0'
]
rejected promise not handled within 1 second: CodeExpectedError: Could not find pty on pty host
stack trace: CodeExpectedError: Could not find pty on pty host
    at L (/home/ubuntu/.vscode-server/bin/7f329fe6c66b0f86ae1574c2911b681ad5a45d63/out/vs/platform/terminal/node/ptyHostMain.js:28:6849)
    at L.updateTitle (/home/ubuntu/.vscode-server/bin/7f329fe6c66b0f86ae1574c2911b681ad5a45d63/out/vs/platform/terminal/node/ptyHostMain.js:28:2630)
    at Object.call (/home/ubuntu/.vscode-server/bin/7f329fe6c66b0f86ae1574c2911b681ad5a45d63/out/vs/platform/terminal/node/ptyHostMain.js:17:5043)
    at g.s (/home/ubuntu/.vscode-server/bin/7f329fe6c66b0f86ae1574c2911b681ad5a45d63/out/vs/platform/terminal/node/ptyHostMain.js:15:5413)
    at g.q (/home/ubuntu/.vscode-server/bin/7f329fe6c66b0f86ae1574c2911b681ad5a45d63/out/vs/platform/terminal/node/ptyHostMain.js:15:4916)
    at /home/ubuntu/.vscode-server/bin/7f329fe6c66b0f86ae1574c2911b681ad5a45d63/out/vs/platform/terminal/node/ptyHostMain.js:15:4327
    at c.invoke (/home/ubuntu/.vscode-server/bin/7f329fe6c66b0f86ae1574c2911b681ad5a45d63/out/vs/platform/terminal/node/ptyHostMain.js:11:145)
    at f.deliver (/home/ubuntu/.vscode-server/bin/7f329fe6c66b0f86ae1574c2911b681ad5a45d63/out/vs/platform/terminal/node/ptyHostMain.js:11:2125)
    at n.fire (/home/ubuntu/.vscode-server/bin/7f329fe6c66b0f86ae1574c2911b681ad5a45d63/out/vs/platform/terminal/node/ptyHostMain.js:11:1733)
    at process.T (/home/ubuntu/.vscode-server/bin/7f329fe6c66b0f86ae1574c2911b681ad5a45d63/out/vs/platform/terminal/node/ptyHostMain.js:9:21039)
    at process.emit (node:events:526:28)
    at emit (node:internal/child_process:938:14)
    at processTicksAndRejections (node:internal/process/task_queues:84:21)
[01:59:15] Error [CodeExpectedError]: Could not find pty on pty host
    at L (/home/ubuntu/.vscode-server/bin/7f329fe6c66b0f86ae1574c2911b681ad5a45d63/out/vs/platform/terminal/node/ptyHostMain.js:28:6849)
    at L.updateTitle (/home/ubuntu/.vscode-server/bin/7f329fe6c66b0f86ae1574c2911b681ad5a45d63/out/vs/platform/terminal/node/ptyHostMain.js:28:2630)
    at Object.call (/home/ubuntu/.vscode-server/bin/7f329fe6c66b0f86ae1574c2911b681ad5a45d63/out/vs/platform/terminal/node/ptyHostMain.js:17:5043)
    at g.s (/home/ubuntu/.vscode-server/bin/7f329fe6c66b0f86ae1574c2911b681ad5a45d63/out/vs/platform/terminal/node/ptyHostMain.js:15:5413)
    at g.q (/home/ubuntu/.vscode-server/bin/7f329fe6c66b0f86ae1574c2911b681ad5a45d63/out/vs/platform/terminal/node/ptyHostMain.js:15:4916)
    at /home/ubuntu/.vscode-server/bin/7f329fe6c66b0f86ae1574c2911b681ad5a45d63/out/vs/platform/terminal/node/ptyHostMain.js:15:4327
    at c.invoke (/home/ubuntu/.vscode-server/bin/7f329fe6c66b0f86ae1574c2911b681ad5a45d63/out/vs/platform/terminal/node/ptyHostMain.js:11:145)
    at f.deliver (/home/ubuntu/.vscode-server/bin/7f329fe6c66b0f86ae1574c2911b681ad5a45d63/out/vs/platform/terminal/node/ptyHostMain.js:11:2125)
    at n.fire (/home/ubuntu/.vscode-server/bin/7f329fe6c66b0f86ae1574c2911b681ad5a45d63/out/vs/platform/terminal/node/ptyHostMain.js:11:1733)
    at process.T (/home/ubuntu/.vscode-server/bin/7f329fe6c66b0f86ae1574c2911b681ad5a45d63/out/vs/platform/terminal/node/ptyHostMain.js:9:21039)
    at process.emit (node:events:526:28)
    at emit (node:internal/child_process:938:14)
    at processTicksAndRejections (node:internal/process/task_queues:84:21)
rejected promise not handled within 1 second: CodeExpectedError: Could not find pty on pty host
stack trace: CodeExpectedError: Could not find pty on pty host
    at L (/home/ubuntu/.vscode-server/bin/7f329fe6c66b0f86ae1574c2911b681ad5a45d63/out/vs/platform/terminal/node/ptyHostMain.js:28:6849)
    at L.updateIcon (/home/ubuntu/.vscode-server/bin/7f329fe6c66b0f86ae1574c2911b681ad5a45d63/out/vs/platform/terminal/node/ptyHostMain.js:28:2680)
    at Object.call (/home/ubuntu/.vscode-server/bin/7f329fe6c66b0f86ae1574c2911b681ad5a45d63/out/vs/platform/terminal/node/ptyHostMain.js:17:5043)
    at g.s (/home/ubuntu/.vscode-server/bin/7f329fe6c66b0f86ae1574c2911b681ad5a45d63/out/vs/platform/terminal/node/ptyHostMain.js:15:5413)
    at g.q (/home/ubuntu/.vscode-server/bin/7f329fe6c66b0f86ae1574c2911b681ad5a45d63/out/vs/platform/terminal/node/ptyHostMain.js:15:4916)
    at /home/ubuntu/.vscode-server/bin/7f329fe6c66b0f86ae1574c2911b681ad5a45d63/out/vs/platform/terminal/node/ptyHostMain.js:15:4327
    at c.invoke (/home/ubuntu/.vscode-server/bin/7f329fe6c66b0f86ae1574c2911b681ad5a45d63/out/vs/platform/terminal/node/ptyHostMain.js:11:145)
    at f.deliver (/home/ubuntu/.vscode-server/bin/7f329fe6c66b0f86ae1574c2911b681ad5a45d63/out/vs/platform/terminal/node/ptyHostMain.js:11:2125)
    at n.fire (/home/ubuntu/.vscode-server/bin/7f329fe6c66b0f86ae1574c2911b681ad5a45d63/out/vs/platform/terminal/node/ptyHostMain.js:11:1733)
    at process.T (/home/ubuntu/.vscode-server/bin/7f329fe6c66b0f86ae1574c2911b681ad5a45d63/out/vs/platform/terminal/node/ptyHostMain.js:9:21039)
    at process.emit (node:events:526:28)
    at emit (node:internal/child_process:938:14)
    at processTicksAndRejections (node:internal/process/task_queues:84:21)
[01:59:15] Error [CodeExpectedError]: Could not find pty on pty host
    at L (/home/ubuntu/.vscode-server/bin/7f329fe6c66b0f86ae1574c2911b681ad5a45d63/out/vs/platform/terminal/node/ptyHostMain.js:28:6849)
    at L.updateIcon (/home/ubuntu/.vscode-server/bin/7f329fe6c66b0f86ae1574c2911b681ad5a45d63/out/vs/platform/terminal/node/ptyHostMain.js:28:2680)
    at Object.call (/home/ubuntu/.vscode-server/bin/7f329fe6c66b0f86ae1574c2911b681ad5a45d63/out/vs/platform/terminal/node/ptyHostMain.js:17:5043)
    at g.s (/home/ubuntu/.vscode-server/bin/7f329fe6c66b0f86ae1574c2911b681ad5a45d63/out/vs/platform/terminal/node/ptyHostMain.js:15:5413)
    at g.q (/home/ubuntu/.vscode-server/bin/7f329fe6c66b0f86ae1574c2911b681ad5a45d63/out/vs/platform/terminal/node/ptyHostMain.js:15:4916)
    at /home/ubuntu/.vscode-server/bin/7f329fe6c66b0f86ae1574c2911b681ad5a45d63/out/vs/platform/terminal/node/ptyHostMain.js:15:4327
    at c.invoke (/home/ubuntu/.vscode-server/bin/7f329fe6c66b0f86ae1574c2911b681ad5a45d63/out/vs/platform/terminal/node/ptyHostMain.js:11:145)
    at f.deliver (/home/ubuntu/.vscode-server/bin/7f329fe6c66b0f86ae1574c2911b681ad5a45d63/out/vs/platform/terminal/node/ptyHostMain.js:11:2125)
    at n.fire (/home/ubuntu/.vscode-server/bin/7f329fe6c66b0f86ae1574c2911b681ad5a45d63/out/vs/platform/terminal/node/ptyHostMain.js:11:1733)
    at process.T (/home/ubuntu/.vscode-server/bin/7f329fe6c66b0f86ae1574c2911b681ad5a45d63/out/vs/platform/terminal/node/ptyHostMain.js:9:21039)
    at process.emit (node:events:526:28)
    at emit (node:internal/child_process:938:14)
    at processTicksAndRejections (node:internal/process/task_queues:84:21)
[01:59:17] [127.0.0.1][8d48f611][ManagementConnection] The client has disconnected gracefully, so the connection will be disposed.
[01:59:17] [127.0.0.1][e3dae11c][ExtensionHostConnection] <1145> Extension Host Process exited with code: 0, signal: null.
Cancelling previous shutdown timeout
[01:59:17] Cancelling previous shutdown timeout
Last EH closed, waiting before shutting down
[01:59:17] Last EH closed, waiting before shutting down
Got delay-shutdown request while in shutdown timeout, delaying
[01:59:19] Got delay-shutdown request while in shutdown timeout, delaying
Cancelling previous shutdown timeout
[01:59:19] Cancelling previous shutdown timeout
[01:59:19] [127.0.0.1][a8abd9fa][ManagementConnection] New connection established.
[01:59:19] [127.0.0.1][b2f1910d][ExtensionHostConnection] New connection established.
[01:59:19] [127.0.0.1][b2f1910d][ExtensionHostConnection] <1342> Launched Extension Host Process.
