Experiment 'pythonPromptNewToolsExt' is active
> conda info --json
Python interpreter path: /usr/bin/python3
[ERROR 2023-3-6 1:1:20.86]: readdir() failed for "/var/cache/ldconfig" (Error: EACCES: permission denied, scandir '/var/cache/ldconfig')
[ERROR 2023-3-6 1:1:20.100]: readdir() failed for "/var/cache/pollinate" (Error: EACCES: permission denied, scandir '/var/cache/pollinate')
[ERROR 2023-3-6 1:1:20.109]: readdir() failed for "/var/cache/private" (Error: EACCES: permission denied, scandir '/var/cache/private')
[ERROR 2023-3-6 1:1:20.165]: readdir() failed for "/var/lib/amazon" (Error: EACCES: permission denied, scandir '/var/lib/amazon')
[ERROR 2023-3-6 1:1:20.236]: readdir() failed for "/var/lib/polkit-1" (Error: EACCES: permission denied, scandir '/var/lib/polkit-1')
[ERROR 2023-3-6 1:1:20.238]: readdir() failed for "/var/lib/private" (Error: EACCES: permission denied, scandir '/var/lib/private')
> /bin/python -I ~/.vscode-server/extensions/ms-python.python-2023.6.0/pythonFiles/get_output_via_markers.py ~/.vscode-server/extensions/ms-python.python-2023.6.0/pythonFiles/interpreterInfo.py
[ERROR 2023-3-6 1:1:20.268]: readdir() failed for "/var/lib/udisks2" (Error: EACCES: permission denied, scandir '/var/lib/udisks2')
[ERROR 2023-3-6 1:1:20.277]: readdir() failed for "/var/log/amazon" (Error: EACCES: permission denied, scandir '/var/log/amazon')
> /bin/python3 -I ~/.vscode-server/extensions/ms-python.python-2023.6.0/pythonFiles/get_output_via_markers.py ~/.vscode-server/extensions/ms-python.python-2023.6.0/pythonFiles/interpreterInfo.py
[ERROR 2023-3-6 1:1:20.296]: readdir() failed for "/var/log/private" (Error: EACCES: permission denied, scandir '/var/log/private')
[ERROR 2023-3-6 1:1:20.306]: Support for Python 2.7 has been dropped by the Python extension so certain features may not work, upgrade to using Python 3.
> /bin/python ~/.vscode-server/extensions/ms-python.python-2023.6.0/pythonFiles/get_output_via_markers.py ~/.vscode-server/extensions/ms-python.python-2023.6.0/pythonFiles/interpreterInfo.py
> /usr/bin/python -I ~/.vscode-server/extensions/ms-python.python-2023.6.0/pythonFiles/get_output_via_markers.py ~/.vscode-server/extensions/ms-python.python-2023.6.0/pythonFiles/interpreterInfo.py
[ERROR 2023-3-6 1:1:20.347]: readdir() failed for "/var/spool/rsyslog" (Error: EACCES: permission denied, scandir '/var/spool/rsyslog')
[ERROR 2023-3-6 1:1:20.357]: readdir() failed for "/var/tmp/systemd-private-abe24e30be7b426eadfaba323491a454-ModemManager.service-7Ogpth" (Error: EACCES: permission denied, scandir '/var/tmp/systemd-private-abe24e30be7b426eadfaba323491a454-ModemManager.service-7Ogpth')
[ERROR 2023-3-6 1:1:20.360]: readdir() failed for "/var/tmp/systemd-private-abe24e30be7b426eadfaba323491a454-apache2.service-4A9uFg" (Error: EACCES: permission denied, scandir '/var/tmp/systemd-private-abe24e30be7b426eadfaba323491a454-apache2.service-4A9uFg')
[ERROR 2023-3-6 1:1:20.368]: readdir() failed for "/var/tmp/systemd-private-abe24e30be7b426eadfaba323491a454-systemd-logind.service-ItcErj" (Error: EACCES: permission denied, scandir '/var/tmp/systemd-private-abe24e30be7b426eadfaba323491a454-systemd-logind.service-ItcErj')
[ERROR 2023-3-6 1:1:20.370]: readdir() failed for "/var/tmp/systemd-private-abe24e30be7b426eadfaba323491a454-systemd-resolved.service-XkTWaf" (Error: EACCES: permission denied, scandir '/var/tmp/systemd-private-abe24e30be7b426eadfaba323491a454-systemd-resolved.service-XkTWaf')
[ERROR 2023-3-6 1:1:20.373]: readdir() failed for "/var/tmp/systemd-private-abe24e30be7b426eadfaba323491a454-systemd-timesyncd.service-sqRUDh" (Error: EACCES: permission denied, scandir '/var/tmp/systemd-private-abe24e30be7b426eadfaba323491a454-systemd-timesyncd.service-sqRUDh')
[ERROR 2023-3-6 1:1:20.373]: Support for Python 2.7 has been dropped by the Python extension so certain features may not work, upgrade to using Python 3.
> /usr/bin/python ~/.vscode-server/extensions/ms-python.python-2023.6.0/pythonFiles/get_output_via_markers.py ~/.vscode-server/extensions/ms-python.python-2023.6.0/pythonFiles/interpreterInfo.py
> /usr/bin/python3 -I ~/.vscode-server/extensions/ms-python.python-2023.6.0/pythonFiles/get_output_via_markers.py ~/.vscode-server/extensions/ms-python.python-2023.6.0/pythonFiles/interpreterInfo.py
Starting Pylance language server.
