[Info  - 1:01:22 AM] (1237) Pylance language server 2023.4.10 (pyright d7616109) starting
[Info  - 1:01:22 AM] (1237) Server root directory: /home/ubuntu/.vscode-server/extensions/ms-python.vscode-pylance-2023.4.10/dist
[Info  - 1:01:22 AM] (1237) Starting service instance "var"
[Info  - 1:01:22 AM] (1237) Auto-indent enabled
[Info  - 1:01:22 AM] (1237) Setting pythonPath for service "var": "/usr/bin/python3"
[Warn  - 1:01:23 AM] (1237) stubPath /var/typings is not a valid directory.
[Info  - 1:01:23 AM] (1237) Assuming Python version 3.8
[Error - 1:01:33 AM] (1237) Enumeration of workspace source files is taking longer than 10 seconds.
This may be because:
* You have opened your home directory or entire hard drive as a workspace
* Your workspace contains a very large number of directories and files
* Your workspace contains a symlink to a directory with many files
* Your workspace is remote, and file enumeration is slow
To reduce this time, open a workspace directory with fewer files or add a pyrightconfig.json configuration file with an "exclude" section to exclude subdirectories from your workspace. For more details, refer to https://github.com/microsoft/pyright/blob/main/docs/configuration.md.
[Info  - 1:02:10 AM] (1237) Auto-excluding /var/www/html/Assignment1/env
[Info  - 1:02:10 AM] (1237) Found 7 source files
[Info  - 1:02:10 AM] (1237) Background analysis(1) root directory: /home/ubuntu/.vscode-server/extensions/ms-python.vscode-pylance-2023.4.10/dist
[Info  - 1:02:10 AM] (1237) Background analysis(1) started
[Info  - 1:02:12 AM] (1237) Indexer background runner(2) root directory: /home/ubuntu/.vscode-server/extensions/ms-python.vscode-pylance-2023.4.10/dist (index)
[Info  - 1:02:12 AM] (1237) Indexing(2) started
[Info  - 1:02:15 AM] (1237) [IDX(2)] Long operation: scan packages /var (3491ms)
[Info  - 1:02:15 AM] (1237) scanned(2) 94 files over 1 exec env
[Info  - 1:02:21 AM] (1237) [IDX(2)] Long operation: index execution environment /var (5665ms)
[Info  - 1:02:21 AM] (1237) [IDX(2)] Long operation: index packages /var (5753ms)
[Info  - 1:02:21 AM] (1237) indexed(2) 47 files over 1 exec env
[Info  - 1:02:22 AM] (1237) Indexing finished(2).
[Info  - 1:02:24 AM] (1237) [BG(1)] Long operation: getSemanticTokens full at /var/www/html/Assignment1/Assignment1.py (10624ms)
[Info  - 1:02:26 AM] (1237) [BG(1)] Long operation: checking: /var/www/html/Assignment1/Assignment1.py (2018ms)
[Info  - 1:02:26 AM] (1237) [BG(1)] Long operation: analyzing: /var/www/html/Assignment1/Assignment1.py (2043ms)
[Info  - 1:03:11 AM] (1237) [FG] Long operation: completion at /var/www/html/Assignment1/Assignment1.py:36:5 (2684ms)
