2023-04-06 01:59:21.070 [info] Extension host with pid 1342 started
2023-04-06 01:59:21.162 [info] Lock '/home/ubuntu/.vscode-server/data/User/workspaceStorage/d64162c020baf5689befc67466ae05d3/vscode.lock': Lock acquired.
2023-04-06 01:59:21.471 [info] ExtensionService#_doActivateExtension vscode.emmet, startup: false, activationEvent: 'onLanguage'
2023-04-06 01:59:21.966 [info] ExtensionService#_doActivateExtension vscode.git-base, startup: true, activationEvent: '*', root cause: vscode.git
2023-04-06 01:59:22.005 [info] ExtensionService#_doActivateExtension vscode.git, startup: true, activationEvent: '*'
2023-04-06 01:59:22.005 [info] ExtensionService#_doActivateExtension vscode.github, startup: true, activationEvent: '*'
2023-04-06 01:59:22.522 [info] Eager extensions activated
2023-04-06 01:59:22.542 [info] ExtensionService#_doActivateExtension vscode.debug-auto-launch, startup: false, activationEvent: 'onStartupFinished'
2023-04-06 01:59:22.542 [info] ExtensionService#_doActivateExtension vscode.merge-conflict, startup: false, activationEvent: 'onStartupFinished'
2023-04-06 01:59:23.764 [error] {"message":"Git error","stdout":"","stderr":"fatal: Pathspec '/home/ubuntu/Assignment1/Assignment1.wsgi' is in submodule 'Assignment1'\n","exitCode":128,"gitErrorCode":"IsInSubmodule"}
2023-04-06 01:59:23.764 [error] {"message":"Git error","stdout":"","stderr":"fatal: Pathspec '/home/ubuntu/Assignment1/Assignment1.wsgi' is in submodule 'Assignment1'\n","exitCode":128,"gitErrorCode":"IsInSubmodule"}
2023-04-06 01:59:23.764 [error] {"message":"Git error","stdout":"","stderr":"fatal: Pathspec '/home/ubuntu/Assignment1/Assignment1.wsgi' is in submodule 'Assignment1'\n","exitCode":128,"gitErrorCode":"IsInSubmodule"}
2023-04-06 01:59:23.764 [error] {"message":"Git error","stdout":"","stderr":"fatal: Pathspec '/home/ubuntu/Assignment1/Assignment1.wsgi' is in submodule 'Assignment1'\n","exitCode":128,"gitErrorCode":"IsInSubmodule"}
2023-04-06 01:59:23.764 [error] {"message":"Git error","stdout":"","stderr":"fatal: Pathspec '/home/ubuntu/Assignment1/Assignment1.wsgi' is in submodule 'Assignment1'\n","exitCode":128,"gitErrorCode":"IsInSubmodule"}
2023-04-06 01:59:23.764 [error] {"message":"Git error","stdout":"","stderr":"fatal: Pathspec '/home/ubuntu/Assignment1/Assignment1.wsgi' is in submodule 'Assignment1'\n","exitCode":128,"gitErrorCode":"IsInSubmodule"}
2023-04-06 01:59:23.764 [error] {"message":"Git error","stdout":"","stderr":"fatal: Pathspec '/home/ubuntu/Assignment1/Assignment1.wsgi' is in submodule 'Assignment1'\n","exitCode":128,"gitErrorCode":"IsInSubmodule"}
2023-04-06 01:59:23.764 [error] {"message":"Git error","stdout":"","stderr":"fatal: Pathspec '/home/ubuntu/Assignment1/Assignment1.wsgi' is in submodule 'Assignment1'\n","exitCode":128,"gitErrorCode":"IsInSubmodule"}
2023-04-06 01:59:23.764 [error] {"message":"Git error","stdout":"","stderr":"fatal: Pathspec '/home/ubuntu/Assignment1/Assignment1.wsgi' is in submodule 'Assignment1'\n","exitCode":128,"gitErrorCode":"IsInSubmodule"}
2023-04-06 01:59:23.764 [error] {"message":"Git error","stdout":"","stderr":"fatal: Pathspec '/home/ubuntu/Assignment1/Assignment1.wsgi' is in submodule 'Assignment1'\n","exitCode":128,"gitErrorCode":"IsInSubmodule"}
2023-04-06 01:59:23.764 [error] {"message":"Git error","stdout":"","stderr":"fatal: Pathspec '/home/ubuntu/Assignment1/Assignment1.wsgi' is in submodule 'Assignment1'\n","exitCode":128,"gitErrorCode":"IsInSubmodule"}
2023-04-06 01:59:23.764 [error] {"message":"Git error","stdout":"","stderr":"fatal: Pathspec '/home/ubuntu/Assignment1/Assignment1.wsgi' is in submodule 'Assignment1'\n","exitCode":128,"gitErrorCode":"IsInSubmodule"}
2023-04-06 01:59:23.764 [error] {"message":"Git error","stdout":"","stderr":"fatal: Pathspec '/home/ubuntu/Assignment1/Assignment1.wsgi' is in submodule 'Assignment1'\n","exitCode":128,"gitErrorCode":"IsInSubmodule"}
2023-04-06 01:59:23.764 [error] {"message":"Git error","stdout":"","stderr":"fatal: Pathspec '/home/ubuntu/Assignment1/Assignment1.wsgi' is in submodule 'Assignment1'\n","exitCode":128,"gitErrorCode":"IsInSubmodule"}
2023-04-06 01:59:23.764 [error] {"message":"Git error","stdout":"","stderr":"fatal: Pathspec '/home/ubuntu/Assignment1/Assignment1.wsgi' is in submodule 'Assignment1'\n","exitCode":128,"gitErrorCode":"IsInSubmodule"}
2023-04-06 01:59:23.764 [error] {"message":"Git error","stdout":"","stderr":"fatal: Pathspec '/home/ubuntu/Assignment1/Assignment1.wsgi' is in submodule 'Assignment1'\n","exitCode":128,"gitErrorCode":"IsInSubmodule"}
2023-04-06 01:59:23.764 [error] {"message":"Git error","stdout":"","stderr":"fatal: Pathspec '/home/ubuntu/Assignment1/Assignment1.wsgi' is in submodule 'Assignment1'\n","exitCode":128,"gitErrorCode":"IsInSubmodule"}
2023-04-06 01:59:23.764 [error] {"message":"Git error","stdout":"","stderr":"fatal: Pathspec '/home/ubuntu/Assignment1/Assignment1.wsgi' is in submodule 'Assignment1'\n","exitCode":128,"gitErrorCode":"IsInSubmodule"}
2023-04-06 01:59:23.764 [error] {"message":"Git error","stdout":"","stderr":"fatal: Pathspec '/home/ubuntu/Assignment1/Assignment1.wsgi' is in submodule 'Assignment1'\n","exitCode":128,"gitErrorCode":"IsInSubmodule"}
2023-04-06 01:59:23.764 [error] {"message":"Git error","stdout":"","stderr":"fatal: Pathspec '/home/ubuntu/Assignment1/Assignment1.wsgi' is in submodule 'Assignment1'\n","exitCode":128,"gitErrorCode":"IsInSubmodule"}
2023-04-06 01:59:23.764 [error] {"message":"Git error","stdout":"","stderr":"fatal: Pathspec '/home/ubuntu/Assignment1/Assignment1.wsgi' is in submodule 'Assignment1'\n","exitCode":128,"gitErrorCode":"IsInSubmodule"}
2023-04-06 01:59:23.764 [error] {"message":"Git error","stdout":"","stderr":"fatal: Pathspec '/home/ubuntu/Assignment1/Assignment1.wsgi' is in submodule 'Assignment1'\n","exitCode":128,"gitErrorCode":"IsInSubmodule"}
2023-04-06 01:59:23.764 [error] {"message":"Git error","stdout":"","stderr":"fatal: Pathspec '/home/ubuntu/Assignment1/Assignment1.wsgi' is in submodule 'Assignment1'\n","exitCode":128,"gitErrorCode":"IsInSubmodule"}
2023-04-06 01:59:23.764 [error] {"message":"Git error","stdout":"","stderr":"fatal: Pathspec '/home/ubuntu/Assignment1/Assignment1.wsgi' is in submodule 'Assignment1'\n","exitCode":128,"gitErrorCode":"IsInSubmodule"}
2023-04-06 01:59:23.764 [error] {"message":"Git error","stdout":"","stderr":"fatal: Pathspec '/home/ubuntu/Assignment1/Assignment1.wsgi' is in submodule 'Assignment1'\n","exitCode":128,"gitErrorCode":"IsInSubmodule"}
2023-04-06 01:59:23.764 [error] {"message":"Git error","stdout":"","stderr":"fatal: Pathspec '/home/ubuntu/Assignment1/Assignment1.wsgi' is in submodule 'Assignment1'\n","exitCode":128,"gitErrorCode":"IsInSubmodule"}
2023-04-06 01:59:23.764 [error] {"message":"Git error","stdout":"","stderr":"fatal: Pathspec '/home/ubuntu/Assignment1/Assignment1.wsgi' is in submodule 'Assignment1'\n","exitCode":128,"gitErrorCode":"IsInSubmodule"}
2023-04-06 01:59:23.765 [error] {"message":"Git error","stdout":"","stderr":"fatal: Pathspec '/home/ubuntu/Assignment1/Assignment1.wsgi' is in submodule 'Assignment1'\n","exitCode":128,"gitErrorCode":"IsInSubmodule"}
2023-04-06 01:59:23.765 [error] {"message":"Git error","stdout":"","stderr":"fatal: Pathspec '/home/ubuntu/Assignment1/Assignment1.wsgi' is in submodule 'Assignment1'\n","exitCode":128,"gitErrorCode":"IsInSubmodule"}
2023-04-06 01:59:23.765 [error] {"message":"Git error","stdout":"","stderr":"fatal: Pathspec '/home/ubuntu/Assignment1/Assignment1.wsgi' is in submodule 'Assignment1'\n","exitCode":128,"gitErrorCode":"IsInSubmodule"}
2023-04-06 01:59:23.765 [error] {"message":"Git error","stdout":"","stderr":"fatal: Pathspec '/home/ubuntu/Assignment1/Assignment1.wsgi' is in submodule 'Assignment1'\n","exitCode":128,"gitErrorCode":"IsInSubmodule"}
2023-04-06 01:59:23.765 [error] {"message":"Git error","stdout":"","stderr":"fatal: Pathspec '/home/ubuntu/Assignment1/Assignment1.wsgi' is in submodule 'Assignment1'\n","exitCode":128,"gitErrorCode":"IsInSubmodule"}
2023-04-06 01:59:23.765 [error] {"message":"Git error","stdout":"","stderr":"fatal: Pathspec '/home/ubuntu/Assignment1/Assignment1.wsgi' is in submodule 'Assignment1'\n","exitCode":128,"gitErrorCode":"IsInSubmodule"}
2023-04-06 01:59:23.765 [error] {"message":"Git error","stdout":"","stderr":"fatal: Pathspec '/home/ubuntu/Assignment1/Assignment1.wsgi' is in submodule 'Assignment1'\n","exitCode":128,"gitErrorCode":"IsInSubmodule"}
2023-04-06 01:59:23.765 [error] {"message":"Git error","stdout":"","stderr":"fatal: Pathspec '/home/ubuntu/Assignment1/Assignment1.wsgi' is in submodule 'Assignment1'\n","exitCode":128,"gitErrorCode":"IsInSubmodule"}
2023-04-06 01:59:23.765 [error] {"message":"Git error","stdout":"","stderr":"fatal: Pathspec '/home/ubuntu/Assignment1/Assignment1.wsgi' is in submodule 'Assignment1'\n","exitCode":128,"gitErrorCode":"IsInSubmodule"}
2023-04-06 01:59:23.765 [error] {"message":"Git error","stdout":"","stderr":"fatal: Pathspec '/home/ubuntu/Assignment1/Assignment1.wsgi' is in submodule 'Assignment1'\n","exitCode":128,"gitErrorCode":"IsInSubmodule"}
2023-04-06 01:59:23.765 [error] {"message":"Git error","stdout":"","stderr":"fatal: Pathspec '/home/ubuntu/Assignment1/Assignment1.wsgi' is in submodule 'Assignment1'\n","exitCode":128,"gitErrorCode":"IsInSubmodule"}
2023-04-06 01:59:23.765 [error] {"message":"Git error","stdout":"","stderr":"fatal: Pathspec '/home/ubuntu/Assignment1/Assignment1.wsgi' is in submodule 'Assignment1'\n","exitCode":128,"gitErrorCode":"IsInSubmodule"}
2023-04-06 01:59:23.765 [error] {"message":"Git error","stdout":"","stderr":"fatal: Pathspec '/home/ubuntu/Assignment1/Assignment1.wsgi' is in submodule 'Assignment1'\n","exitCode":128,"gitErrorCode":"IsInSubmodule"}
2023-04-06 01:59:23.765 [error] {"message":"Git error","stdout":"","stderr":"fatal: Pathspec '/home/ubuntu/Assignment1/Assignment1.wsgi' is in submodule 'Assignment1'\n","exitCode":128,"gitErrorCode":"IsInSubmodule"}
2023-04-06 01:59:23.765 [error] {"message":"Git error","stdout":"","stderr":"fatal: Pathspec '/home/ubuntu/Assignment1/Assignment1.wsgi' is in submodule 'Assignment1'\n","exitCode":128,"gitErrorCode":"IsInSubmodule"}
2023-04-06 01:59:23.765 [error] {"message":"Git error","stdout":"","stderr":"fatal: Pathspec '/home/ubuntu/Assignment1/Assignment1.wsgi' is in submodule 'Assignment1'\n","exitCode":128,"gitErrorCode":"IsInSubmodule"}
2023-04-06 01:59:23.765 [error] {"message":"Git error","stdout":"","stderr":"fatal: Pathspec '/home/ubuntu/Assignment1/Assignment1.wsgi' is in submodule 'Assignment1'\n","exitCode":128,"gitErrorCode":"IsInSubmodule"}
2023-04-06 01:59:23.765 [error] {"message":"Git error","stdout":"","stderr":"fatal: Pathspec '/home/ubuntu/Assignment1/Assignment1.wsgi' is in submodule 'Assignment1'\n","exitCode":128,"gitErrorCode":"IsInSubmodule"}
2023-04-06 01:59:23.765 [error] {"message":"Git error","stdout":"","stderr":"fatal: Pathspec '/home/ubuntu/Assignment1/Assignment1.wsgi' is in submodule 'Assignment1'\n","exitCode":128,"gitErrorCode":"IsInSubmodule"}
2023-04-06 01:59:23.765 [error] {"message":"Git error","stdout":"","stderr":"fatal: Pathspec '/home/ubuntu/Assignment1/Assignment1.wsgi' is in submodule 'Assignment1'\n","exitCode":128,"gitErrorCode":"IsInSubmodule"}
2023-04-06 01:59:23.765 [error] {"message":"Git error","stdout":"","stderr":"fatal: Pathspec '/home/ubuntu/Assignment1/Assignment1.wsgi' is in submodule 'Assignment1'\n","exitCode":128,"gitErrorCode":"IsInSubmodule"}
2023-04-06 01:59:23.765 [error] {"message":"Git error","stdout":"","stderr":"fatal: Pathspec '/home/ubuntu/Assignment1/Assignment1.wsgi' is in submodule 'Assignment1'\n","exitCode":128,"gitErrorCode":"IsInSubmodule"}
2023-04-06 01:59:23.765 [error] {"message":"Git error","stdout":"","stderr":"fatal: Pathspec '/home/ubuntu/Assignment1/Assignment1.wsgi' is in submodule 'Assignment1'\n","exitCode":128,"gitErrorCode":"IsInSubmodule"}
2023-04-06 01:59:23.765 [error] {"message":"Git error","stdout":"","stderr":"fatal: Pathspec '/home/ubuntu/Assignment1/Assignment1.wsgi' is in submodule 'Assignment1'\n","exitCode":128,"gitErrorCode":"IsInSubmodule"}
2023-04-06 01:59:23.765 [error] {"message":"Git error","stdout":"","stderr":"fatal: Pathspec '/home/ubuntu/Assignment1/Assignment1.wsgi' is in submodule 'Assignment1'\n","exitCode":128,"gitErrorCode":"IsInSubmodule"}
2023-04-06 01:59:23.765 [error] {"message":"Git error","stdout":"","stderr":"fatal: Pathspec '/home/ubuntu/Assignment1/Assignment1.wsgi' is in submodule 'Assignment1'\n","exitCode":128,"gitErrorCode":"IsInSubmodule"}
2023-04-06 01:59:23.765 [error] {"message":"Git error","stdout":"","stderr":"fatal: Pathspec '/home/ubuntu/Assignment1/Assignment1.wsgi' is in submodule 'Assignment1'\n","exitCode":128,"gitErrorCode":"IsInSubmodule"}
2023-04-06 01:59:23.765 [error] {"message":"Git error","stdout":"","stderr":"fatal: Pathspec '/home/ubuntu/Assignment1/Assignment1.wsgi' is in submodule 'Assignment1'\n","exitCode":128,"gitErrorCode":"IsInSubmodule"}
2023-04-06 01:59:23.773 [error] {"message":"Git error","stdout":"","stderr":"fatal: Pathspec '/home/ubuntu/Assignment1/Assignment1.wsgi' is in submodule 'Assignment1'\n","exitCode":128,"gitErrorCode":"IsInSubmodule"}
2023-04-06 01:59:23.773 [error] {"message":"Git error","stdout":"","stderr":"fatal: Pathspec '/home/ubuntu/Assignment1/Assignment1.wsgi' is in submodule 'Assignment1'\n","exitCode":128,"gitErrorCode":"IsInSubmodule"}
2023-04-06 01:59:23.773 [error] {"message":"Git error","stdout":"","stderr":"fatal: Pathspec '/home/ubuntu/Assignment1/Assignment1.wsgi' is in submodule 'Assignment1'\n","exitCode":128,"gitErrorCode":"IsInSubmodule"}
2023-04-06 01:59:23.773 [error] {"message":"Git error","stdout":"","stderr":"fatal: Pathspec '/home/ubuntu/Assignment1/Assignment1.wsgi' is in submodule 'Assignment1'\n","exitCode":128,"gitErrorCode":"IsInSubmodule"}
2023-04-06 01:59:23.773 [error] {"message":"Git error","stdout":"","stderr":"fatal: Pathspec '/home/ubuntu/Assignment1/Assignment1.wsgi' is in submodule 'Assignment1'\n","exitCode":128,"gitErrorCode":"IsInSubmodule"}
2023-04-06 01:59:23.773 [error] {"message":"Git error","stdout":"","stderr":"fatal: Pathspec '/home/ubuntu/Assignment1/Assignment1.wsgi' is in submodule 'Assignment1'\n","exitCode":128,"gitErrorCode":"IsInSubmodule"}
2023-04-06 01:59:23.773 [error] {"message":"Git error","stdout":"","stderr":"fatal: Pathspec '/home/ubuntu/Assignment1/Assignment1.wsgi' is in submodule 'Assignment1'\n","exitCode":128,"gitErrorCode":"IsInSubmodule"}
2023-04-06 01:59:23.773 [error] {"message":"Git error","stdout":"","stderr":"fatal: Pathspec '/home/ubuntu/Assignment1/Assignment1.wsgi' is in submodule 'Assignment1'\n","exitCode":128,"gitErrorCode":"IsInSubmodule"}
2023-04-06 01:59:23.773 [error] {"message":"Git error","stdout":"","stderr":"fatal: Pathspec '/home/ubuntu/Assignment1/Assignment1.wsgi' is in submodule 'Assignment1'\n","exitCode":128,"gitErrorCode":"IsInSubmodule"}
2023-04-06 01:59:23.773 [error] {"message":"Git error","stdout":"","stderr":"fatal: Pathspec '/home/ubuntu/Assignment1/Assignment1.wsgi' is in submodule 'Assignment1'\n","exitCode":128,"gitErrorCode":"IsInSubmodule"}
2023-04-06 01:59:23.773 [error] {"message":"Git error","stdout":"","stderr":"fatal: Pathspec '/home/ubuntu/Assignment1/Assignment1.wsgi' is in submodule 'Assignment1'\n","exitCode":128,"gitErrorCode":"IsInSubmodule"}
2023-04-06 01:59:23.773 [error] {"message":"Git error","stdout":"","stderr":"fatal: Pathspec '/home/ubuntu/Assignment1/Assignment1.wsgi' is in submodule 'Assignment1'\n","exitCode":128,"gitErrorCode":"IsInSubmodule"}
2023-04-06 01:59:23.773 [error] {"message":"Git error","stdout":"","stderr":"fatal: Pathspec '/home/ubuntu/Assignment1/Assignment1.wsgi' is in submodule 'Assignment1'\n","exitCode":128,"gitErrorCode":"IsInSubmodule"}
2023-04-06 01:59:23.773 [error] {"message":"Git error","stdout":"","stderr":"fatal: Pathspec '/home/ubuntu/Assignment1/Assignment1.wsgi' is in submodule 'Assignment1'\n","exitCode":128,"gitErrorCode":"IsInSubmodule"}
2023-04-06 01:59:23.773 [error] {"message":"Git error","stdout":"","stderr":"fatal: Pathspec '/home/ubuntu/Assignment1/Assignment1.wsgi' is in submodule 'Assignment1'\n","exitCode":128,"gitErrorCode":"IsInSubmodule"}
2023-04-06 01:59:23.773 [error] {"message":"Git error","stdout":"","stderr":"fatal: Pathspec '/home/ubuntu/Assignment1/Assignment1.wsgi' is in submodule 'Assignment1'\n","exitCode":128,"gitErrorCode":"IsInSubmodule"}
2023-04-06 01:59:23.773 [error] {"message":"Git error","stdout":"","stderr":"fatal: Pathspec '/home/ubuntu/Assignment1/Assignment1.wsgi' is in submodule 'Assignment1'\n","exitCode":128,"gitErrorCode":"IsInSubmodule"}
2023-04-06 01:59:23.773 [error] {"message":"Git error","stdout":"","stderr":"fatal: Pathspec '/home/ubuntu/Assignment1/Assignment1.wsgi' is in submodule 'Assignment1'\n","exitCode":128,"gitErrorCode":"IsInSubmodule"}
2023-04-06 01:59:23.773 [error] {"message":"Git error","stdout":"","stderr":"fatal: Pathspec '/home/ubuntu/Assignment1/Assignment1.wsgi' is in submodule 'Assignment1'\n","exitCode":128,"gitErrorCode":"IsInSubmodule"}
2023-04-06 01:59:23.773 [error] {"message":"Git error","stdout":"","stderr":"fatal: Pathspec '/home/ubuntu/Assignment1/Assignment1.wsgi' is in submodule 'Assignment1'\n","exitCode":128,"gitErrorCode":"IsInSubmodule"}
2023-04-06 01:59:23.773 [error] {"message":"Git error","stdout":"","stderr":"fatal: Pathspec '/home/ubuntu/Assignment1/Assignment1.wsgi' is in submodule 'Assignment1'\n","exitCode":128,"gitErrorCode":"IsInSubmodule"}
2023-04-06 01:59:23.773 [error] {"message":"Git error","stdout":"","stderr":"fatal: Pathspec '/home/ubuntu/Assignment1/Assignment1.wsgi' is in submodule 'Assignment1'\n","exitCode":128,"gitErrorCode":"IsInSubmodule"}
2023-04-06 01:59:23.773 [error] {"message":"Git error","stdout":"","stderr":"fatal: Pathspec '/home/ubuntu/Assignment1/Assignment1.wsgi' is in submodule 'Assignment1'\n","exitCode":128,"gitErrorCode":"IsInSubmodule"}
2023-04-06 01:59:23.773 [error] {"message":"Git error","stdout":"","stderr":"fatal: Pathspec '/home/ubuntu/Assignment1/Assignment1.wsgi' is in submodule 'Assignment1'\n","exitCode":128,"gitErrorCode":"IsInSubmodule"}
2023-04-06 01:59:23.773 [error] {"message":"Git error","stdout":"","stderr":"fatal: Pathspec '/home/ubuntu/Assignment1/Assignment1.wsgi' is in submodule 'Assignment1'\n","exitCode":128,"gitErrorCode":"IsInSubmodule"}
2023-04-06 01:59:23.773 [error] {"message":"Git error","stdout":"","stderr":"fatal: Pathspec '/home/ubuntu/Assignment1/Assignment1.wsgi' is in submodule 'Assignment1'\n","exitCode":128,"gitErrorCode":"IsInSubmodule"}
2023-04-06 01:59:23.773 [error] {"message":"Git error","stdout":"","stderr":"fatal: Pathspec '/home/ubuntu/Assignment1/Assignment1.wsgi' is in submodule 'Assignment1'\n","exitCode":128,"gitErrorCode":"IsInSubmodule"}
2023-04-06 01:59:23.773 [error] {"message":"Git error","stdout":"","stderr":"fatal: Pathspec '/home/ubuntu/Assignment1/Assignment1.wsgi' is in submodule 'Assignment1'\n","exitCode":128,"gitErrorCode":"IsInSubmodule"}
2023-04-06 01:59:23.773 [error] {"message":"Git error","stdout":"","stderr":"fatal: Pathspec '/home/ubuntu/Assignment1/Assignment1.wsgi' is in submodule 'Assignment1'\n","exitCode":128,"gitErrorCode":"IsInSubmodule"}
2023-04-06 01:59:23.773 [error] {"message":"Git error","stdout":"","stderr":"fatal: Pathspec '/home/ubuntu/Assignment1/Assignment1.wsgi' is in submodule 'Assignment1'\n","exitCode":128,"gitErrorCode":"IsInSubmodule"}
2023-04-06 01:59:23.773 [error] {"message":"Git error","stdout":"","stderr":"fatal: Pathspec '/home/ubuntu/Assignment1/Assignment1.wsgi' is in submodule 'Assignment1'\n","exitCode":128,"gitErrorCode":"IsInSubmodule"}
2023-04-06 01:59:23.773 [error] {"message":"Git error","stdout":"","stderr":"fatal: Pathspec '/home/ubuntu/Assignment1/Assignment1.wsgi' is in submodule 'Assignment1'\n","exitCode":128,"gitErrorCode":"IsInSubmodule"}
2023-04-06 01:59:23.773 [error] {"message":"Git error","stdout":"","stderr":"fatal: Pathspec '/home/ubuntu/Assignment1/Assignment1.wsgi' is in submodule 'Assignment1'\n","exitCode":128,"gitErrorCode":"IsInSubmodule"}
2023-04-06 01:59:24.775 [error] {"message":"Git error","stdout":"","stderr":"fatal: Pathspec '/home/ubuntu/Assignment1/Assignment1.wsgi' is in submodule 'Assignment1'\n","exitCode":128,"gitErrorCode":"IsInSubmodule"}
2023-04-06 01:59:24.775 [error] {"message":"Git error","stdout":"","stderr":"fatal: Pathspec '/home/ubuntu/Assignment1/Assignment1.wsgi' is in submodule 'Assignment1'\n","exitCode":128,"gitErrorCode":"IsInSubmodule"}
2023-04-06 01:59:24.775 [error] {"message":"Git error","stdout":"","stderr":"fatal: Pathspec '/home/ubuntu/Assignment1/Assignment1.wsgi' is in submodule 'Assignment1'\n","exitCode":128,"gitErrorCode":"IsInSubmodule"}
2023-04-06 01:59:24.776 [error] {"message":"Git error","stdout":"","stderr":"fatal: Pathspec '/home/ubuntu/Assignment1/Assignment1.wsgi' is in submodule 'Assignment1'\n","exitCode":128,"gitErrorCode":"IsInSubmodule"}
2023-04-06 01:59:24.776 [error] {"message":"Git error","stdout":"","stderr":"fatal: Pathspec '/home/ubuntu/Assignment1/Assignment1.wsgi' is in submodule 'Assignment1'\n","exitCode":128,"gitErrorCode":"IsInSubmodule"}
2023-04-06 01:59:24.776 [error] {"message":"Git error","stdout":"","stderr":"fatal: Pathspec '/home/ubuntu/Assignment1/Assignment1.wsgi' is in submodule 'Assignment1'\n","exitCode":128,"gitErrorCode":"IsInSubmodule"}
2023-04-06 01:59:24.776 [error] {"message":"Git error","stdout":"","stderr":"fatal: Pathspec '/home/ubuntu/Assignment1/Assignment1.wsgi' is in submodule 'Assignment1'\n","exitCode":128,"gitErrorCode":"IsInSubmodule"}
2023-04-06 01:59:24.776 [error] {"message":"Git error","stdout":"","stderr":"fatal: Pathspec '/home/ubuntu/Assignment1/Assignment1.wsgi' is in submodule 'Assignment1'\n","exitCode":128,"gitErrorCode":"IsInSubmodule"}
2023-04-06 01:59:24.777 [error] {"message":"Git error","stdout":"","stderr":"fatal: Pathspec '/home/ubuntu/Assignment1/Assignment1.wsgi' is in submodule 'Assignment1'\n","exitCode":128,"gitErrorCode":"IsInSubmodule"}
2023-04-06 01:59:24.778 [error] {"message":"Git error","stdout":"","stderr":"fatal: Pathspec '/home/ubuntu/Assignment1/Assignment1.wsgi' is in submodule 'Assignment1'\n","exitCode":128,"gitErrorCode":"IsInSubmodule"}
2023-04-06 01:59:24.778 [error] {"message":"Git error","stdout":"","stderr":"fatal: Pathspec '/home/ubuntu/Assignment1/Assignment1.wsgi' is in submodule 'Assignment1'\n","exitCode":128,"gitErrorCode":"IsInSubmodule"}
2023-04-06 01:59:24.778 [error] {"message":"Git error","stdout":"","stderr":"fatal: Pathspec '/home/ubuntu/Assignment1/Assignment1.wsgi' is in submodule 'Assignment1'\n","exitCode":128,"gitErrorCode":"IsInSubmodule"}
2023-04-06 01:59:24.779 [error] {"message":"Git error","stdout":"","stderr":"fatal: Pathspec '/home/ubuntu/Assignment1/Assignment1.wsgi' is in submodule 'Assignment1'\n","exitCode":128,"gitErrorCode":"IsInSubmodule"}
2023-04-06 01:59:24.779 [error] {"message":"Git error","stdout":"","stderr":"fatal: Pathspec '/home/ubuntu/Assignment1/Assignment1.wsgi' is in submodule 'Assignment1'\n","exitCode":128,"gitErrorCode":"IsInSubmodule"}
2023-04-06 01:59:24.779 [error] {"message":"Git error","stdout":"","stderr":"fatal: Pathspec '/home/ubuntu/Assignment1/Assignment1.wsgi' is in submodule 'Assignment1'\n","exitCode":128,"gitErrorCode":"IsInSubmodule"}
2023-04-06 01:59:24.780 [error] {"message":"Git error","stdout":"","stderr":"fatal: Pathspec '/home/ubuntu/Assignment1/Assignment1.wsgi' is in submodule 'Assignment1'\n","exitCode":128,"gitErrorCode":"IsInSubmodule"}
2023-04-06 01:59:24.780 [error] {"message":"Git error","stdout":"","stderr":"fatal: Pathspec '/home/ubuntu/Assignment1/Assignment1.wsgi' is in submodule 'Assignment1'\n","exitCode":128,"gitErrorCode":"IsInSubmodule"}
2023-04-06 01:59:24.781 [error] {"message":"Git error","stdout":"","stderr":"fatal: Pathspec '/home/ubuntu/Assignment1/Assignment1.wsgi' is in submodule 'Assignment1'\n","exitCode":128,"gitErrorCode":"IsInSubmodule"}
2023-04-06 01:59:24.782 [error] {"message":"Git error","stdout":"","stderr":"fatal: Pathspec '/home/ubuntu/Assignment1/Assignment1.wsgi' is in submodule 'Assignment1'\n","exitCode":128,"gitErrorCode":"IsInSubmodule"}
2023-04-06 01:59:24.782 [error] {"message":"Git error","stdout":"","stderr":"fatal: Pathspec '/home/ubuntu/Assignment1/Assignment1.wsgi' is in submodule 'Assignment1'\n","exitCode":128,"gitErrorCode":"IsInSubmodule"}
2023-04-06 01:59:24.782 [error] {"message":"Git error","stdout":"","stderr":"fatal: Pathspec '/home/ubuntu/Assignment1/Assignment1.wsgi' is in submodule 'Assignment1'\n","exitCode":128,"gitErrorCode":"IsInSubmodule"}
2023-04-06 01:59:24.783 [error] {"message":"Git error","stdout":"","stderr":"fatal: Pathspec '/home/ubuntu/Assignment1/Assignment1.wsgi' is in submodule 'Assignment1'\n","exitCode":128,"gitErrorCode":"IsInSubmodule"}
2023-04-06 01:59:24.783 [error] {"message":"Git error","stdout":"","stderr":"fatal: Pathspec '/home/ubuntu/Assignment1/Assignment1.wsgi' is in submodule 'Assignment1'\n","exitCode":128,"gitErrorCode":"IsInSubmodule"}
2023-04-06 01:59:24.783 [error] {"message":"Git error","stdout":"","stderr":"fatal: Pathspec '/home/ubuntu/Assignment1/Assignment1.wsgi' is in submodule 'Assignment1'\n","exitCode":128,"gitErrorCode":"IsInSubmodule"}
2023-04-06 01:59:24.785 [error] {"message":"Git error","stdout":"","stderr":"fatal: Pathspec '/home/ubuntu/Assignment1/Assignment1.wsgi' is in submodule 'Assignment1'\n","exitCode":128,"gitErrorCode":"IsInSubmodule"}
2023-04-06 01:59:24.785 [error] {"message":"Git error","stdout":"","stderr":"fatal: Pathspec '/home/ubuntu/Assignment1/Assignment1.wsgi' is in submodule 'Assignment1'\n","exitCode":128,"gitErrorCode":"IsInSubmodule"}
2023-04-06 01:59:24.785 [error] {"message":"Git error","stdout":"","stderr":"fatal: Pathspec '/home/ubuntu/Assignment1/Assignment1.wsgi' is in submodule 'Assignment1'\n","exitCode":128,"gitErrorCode":"IsInSubmodule"}
2023-04-06 01:59:24.785 [error] {"message":"Git error","stdout":"","stderr":"fatal: Pathspec '/home/ubuntu/Assignment1/Assignment1.wsgi' is in submodule 'Assignment1'\n","exitCode":128,"gitErrorCode":"IsInSubmodule"}
2023-04-06 01:59:24.785 [error] {"message":"Git error","stdout":"","stderr":"fatal: Pathspec '/home/ubuntu/Assignment1/Assignment1.wsgi' is in submodule 'Assignment1'\n","exitCode":128,"gitErrorCode":"IsInSubmodule"}
2023-04-06 01:59:24.785 [error] {"message":"Git error","stdout":"","stderr":"fatal: Pathspec '/home/ubuntu/Assignment1/Assignment1.wsgi' is in submodule 'Assignment1'\n","exitCode":128,"gitErrorCode":"IsInSubmodule"}
2023-04-06 01:59:24.786 [error] {"message":"Git error","stdout":"","stderr":"fatal: Pathspec '/home/ubuntu/Assignment1/Assignment1.wsgi' is in submodule 'Assignment1'\n","exitCode":128,"gitErrorCode":"IsInSubmodule"}
2023-04-06 01:59:24.787 [error] {"message":"Git error","stdout":"","stderr":"fatal: Pathspec '/home/ubuntu/Assignment1/Assignment1.wsgi' is in submodule 'Assignment1'\n","exitCode":128,"gitErrorCode":"IsInSubmodule"}
2023-04-06 01:59:24.787 [error] {"message":"Git error","stdout":"","stderr":"fatal: Pathspec '/home/ubuntu/Assignment1/Assignment1.wsgi' is in submodule 'Assignment1'\n","exitCode":128,"gitErrorCode":"IsInSubmodule"}
2023-04-06 01:59:24.787 [error] {"message":"Git error","stdout":"","stderr":"fatal: Pathspec '/home/ubuntu/Assignment1/Assignment1.wsgi' is in submodule 'Assignment1'\n","exitCode":128,"gitErrorCode":"IsInSubmodule"}
2023-04-06 01:59:24.787 [error] {"message":"Git error","stdout":"","stderr":"fatal: Pathspec '/home/ubuntu/Assignment1/Assignment1.wsgi' is in submodule 'Assignment1'\n","exitCode":128,"gitErrorCode":"IsInSubmodule"}
2023-04-06 01:59:24.788 [error] {"message":"Git error","stdout":"","stderr":"fatal: Pathspec '/home/ubuntu/Assignment1/Assignment1.wsgi' is in submodule 'Assignment1'\n","exitCode":128,"gitErrorCode":"IsInSubmodule"}
2023-04-06 01:59:24.788 [error] {"message":"Git error","stdout":"","stderr":"fatal: Pathspec '/home/ubuntu/Assignment1/Assignment1.wsgi' is in submodule 'Assignment1'\n","exitCode":128,"gitErrorCode":"IsInSubmodule"}
2023-04-06 01:59:24.788 [error] {"message":"Git error","stdout":"","stderr":"fatal: Pathspec '/home/ubuntu/Assignment1/Assignment1.wsgi' is in submodule 'Assignment1'\n","exitCode":128,"gitErrorCode":"IsInSubmodule"}
2023-04-06 01:59:24.789 [error] {"message":"Git error","stdout":"","stderr":"fatal: Pathspec '/home/ubuntu/Assignment1/Assignment1.wsgi' is in submodule 'Assignment1'\n","exitCode":128,"gitErrorCode":"IsInSubmodule"}
2023-04-06 01:59:24.789 [error] {"message":"Git error","stdout":"","stderr":"fatal: Pathspec '/home/ubuntu/Assignment1/Assignment1.wsgi' is in submodule 'Assignment1'\n","exitCode":128,"gitErrorCode":"IsInSubmodule"}
2023-04-06 01:59:24.789 [error] {"message":"Git error","stdout":"","stderr":"fatal: Pathspec '/home/ubuntu/Assignment1/Assignment1.wsgi' is in submodule 'Assignment1'\n","exitCode":128,"gitErrorCode":"IsInSubmodule"}
2023-04-06 01:59:24.791 [error] {"message":"Git error","stdout":"","stderr":"fatal: Pathspec '/home/ubuntu/Assignment1/Assignment1.wsgi' is in submodule 'Assignment1'\n","exitCode":128,"gitErrorCode":"IsInSubmodule"}
2023-04-06 01:59:24.792 [error] {"message":"Git error","stdout":"","stderr":"fatal: Pathspec '/home/ubuntu/Assignment1/Assignment1.wsgi' is in submodule 'Assignment1'\n","exitCode":128,"gitErrorCode":"IsInSubmodule"}
2023-04-06 01:59:24.792 [error] {"message":"Git error","stdout":"","stderr":"fatal: Pathspec '/home/ubuntu/Assignment1/Assignment1.wsgi' is in submodule 'Assignment1'\n","exitCode":128,"gitErrorCode":"IsInSubmodule"}
2023-04-06 01:59:31.454 [info] ExtensionService#_doActivateExtension vscode.npm, startup: false, activationEvent: 'onTerminalQuickFixRequest:ms-vscode.npm-command'
